<?xml version="1.0" encoding="UTF-8"?>
<!-- Generated by org.testng.reporters.JUnitXMLReporter -->
<testsuite hostname="user-PC" ignored="0" name="testNGParallelExecution.xml" tests="2" failures="1" timestamp="23 Jun 2018 04:37:01 GMT" time="15.068" errors="0">
  <testcase name="createLead" time="15.004" classname="tests.Create_Lead"/>
  <testcase name="DeleteLead" time="0.003" classname="tests.Delete_Lead">
    <failure type="java.lang.NullPointerException">
      <![CDATA[java.lang.NullPointerException
at lib.selenium.WebDriverServiceImpl.locateElement(WebDriverServiceImpl.java:27)
at tests.Delete_Lead.DeleteLead(Delete_Lead.java:10)
... Removed 25 stack frames]]>
    </failure>
  </testcase> <!-- DeleteLead -->
</testsuite> <!-- testNGParallelExecution.xml -->
